INFO  time: initialize in 0.35s
WARN  no build tool detected in workspace 'c:\Users\juanb\Desktop\MisProyectos\Scala\grupo9-2019-1c\scala\src\main\scala'. The most common cause for this problem is that the editor was opened in the wrong working directory, for example if you use sbt then the workspace directory should contain build.sbt. 
WARN  no build target: c:\Users\juanb\Desktop\MisProyectos\Scala\grupo9-2019-1c\scala\src\main\scala\parsers.scala
WARN  no build target: c:\Users\juanb\Desktop\MisProyectos\Scala\grupo9-2019-1c\scala\src\main\scala\MusicParser.scala
INFO  no build target: using presentation compiler with only scala-library
WARN  no build target: c:\Users\juanb\Desktop\MisProyectos\Scala\grupo9-2019-1c\scala\src\main\scala\Musica.scala
WARN  no build target: c:\Users\juanb\Desktop\MisProyectos\Scala\grupo9-2019-1c\scala\src\main\scala\PlayAudio.scala
WARN  no build target: c:\Users\juanb\Desktop\MisProyectos\Scala\grupo9-2019-1c\scala\src\main\scala\AudioPlayer.scala
WARN  no build target: c:\Users\juanb\Desktop\MisProyectos\Scala\grupo9-2019-1c\scala\src\main\scala\Musica.scala
WARN  no build target: c:\Users\juanb\Desktop\MisProyectos\Scala\grupo9-2019-1c\scala\src\main\scala\MusicParser.scala
WARN  no build target: c:\Users\juanb\Desktop\MisProyectos\Scala\grupo9-2019-1c\scala\src\main\scala\parsers.scala
WARN  no build target: c:\Users\juanb\Desktop\MisProyectos\Scala\grupo9-2019-1c\scala\src\main\scala\PlayAudio.scala
WARN  no build target: c:\Users\juanb\Desktop\MisProyectos\Scala\grupo9-2019-1c\scala\src\main\scala\AudioPlayer.scala
WARN  no build target: c:\Users\juanb\Desktop\MisProyectos\Scala\grupo9-2019-1c\scala\src\main\scala\Musica.scala
WARN  no build target: c:\Users\juanb\Desktop\MisProyectos\Scala\grupo9-2019-1c\scala\src\main\scala\MusicParser.scala
WARN  no build target: c:\Users\juanb\Desktop\MisProyectos\Scala\grupo9-2019-1c\scala\src\main\scala\PlayAudio.scala
WARN  no build target: c:\Users\juanb\Desktop\MisProyectos\Scala\grupo9-2019-1c\scala\src\main\scala\parsers.scala
WARN  no build target: c:\Users\juanb\Desktop\MisProyectos\Scala\grupo9-2019-1c\scala\src\main\scala\PlayAudio.scala
WARN  no build target: c:\Users\juanb\Desktop\MisProyectos\Scala\grupo9-2019-1c\scala\src\main\scala\Musica.scala
WARN  no build target: c:\Users\juanb\Desktop\MisProyectos\Scala\grupo9-2019-1c\scala\src\main\scala\AudioPlayer.scala
WARN  no build target: c:\Users\juanb\Desktop\MisProyectos\Scala\grupo9-2019-1c\scala\src\main\scala\Musica.scala
WARN  no build target: c:\Users\juanb\Desktop\MisProyectos\Scala\grupo9-2019-1c\scala\src\main\scala\ParserMelodia.scala
WARN  no build target: c:\Users\juanb\Desktop\MisProyectos\Scala\grupo9-2019-1c\scala\src\main\scala\Parsers.scala
jul 03, 2019 11:00:00 PM scala.meta.internal.pc.CompilerAccess retryWithCleanCompiler
INFORMACIÓN: compiler crashed due to an error in the Scala compiler, retrying with new compiler instance.
jul 03, 2019 11:00:01 PM scala.meta.internal.pc.CompilerAccess handleError
GRAVE: null
java.lang.NullPointerException
	at scala.reflect.internal.Definitions$DefinitionsClass.isByNameParamType(Definitions.scala:416)
	at scala.reflect.internal.TreeInfo.isStableIdent(TreeInfo.scala:137)
	at scala.reflect.internal.TreeInfo.isStableIdentifier(TreeInfo.scala:113)
	at scala.reflect.internal.TreeInfo.isPath(TreeInfo.scala:102)
	at scala.reflect.internal.TreeInfo.admitsTypeSelection(TreeInfo.scala:155)
	at scala.tools.nsc.interactive.Global.stabilizedType(Global.scala:959)
	at scala.tools.nsc.interactive.Global.typedTreeAt(Global.scala:807)
	at scala.meta.internal.pc.SignatureHelpProvider.signatureHelp(SignatureHelpProvider.scala:22)

WARN  no build target: c:\Users\juanb\Desktop\MisProyectos\Scala\grupo9-2019-1c\scala\src\main\scala\Musica.scala
WARN  no build target: c:\Users\juanb\Desktop\MisProyectos\Scala\grupo9-2019-1c\scala\src\main\scala\ParserMelodia.scala
WARN  no build target: c:\Users\juanb\Desktop\MisProyectos\Scala\grupo9-2019-1c\scala\src\main\scala\ParserMelodia.scala
WARN  no build target: c:\Users\juanb\Desktop\MisProyectos\Scala\grupo9-2019-1c\scala\src\main\scala\MusicParser.scala
WARN  no build target: c:\Users\juanb\Desktop\MisProyectos\Scala\grupo9-2019-1c\scala\src\main\scala\Parsers.scala
something's wrong: no file:///c%3A/Users/juanb/Desktop/MisProyectos/Scala/grupo9-2019-1c/scala/src/main/scala/Parsers.scala in Parser[T]RangePosition(file:///c%3A/Users/juanb/Desktop/MisProyectos/Scala/grupo9-2019-1c/scala/src/main/scala/Parsers.scala, 885, 885, 894)
something's wrong: no file:///c%3A/Users/juanb/Desktop/MisProyectos/Scala/grupo9-2019-1c/scala/src/main/scala/Parsers.scala in Parser[T]RangePosition(file:///c%3A/Users/juanb/Desktop/MisProyectos/Scala/grupo9-2019-1c/scala/src/main/scala/Parsers.scala, 885, 885, 894)
something's wrong: no file:///c%3A/Users/juanb/Desktop/MisProyectos/Scala/grupo9-2019-1c/scala/src/main/scala/Parsers.scala in Parser[Char]RangePosition(file:///c%3A/Users/juanb/Desktop/MisProyectos/Scala/grupo9-2019-1c/scala/src/main/scala/Parsers.scala, 7225, 7225, 7237)
WARN  no build target: c:\Users\juanb\Desktop\MisProyectos\Scala\grupo9-2019-1c\scala\src\main\scala\Musica.scala
something's wrong: no file:///c%3A/Users/juanb/Desktop/MisProyectos/Scala/grupo9-2019-1c/scala/src/main/scala/ParserMelodia.scala in Parser[<error>]RangePosition(file:///c%3A/Users/juanb/Desktop/MisProyectos/Scala/grupo9-2019-1c/scala/src/main/scala/ParserMelodia.scala, 40, 40, 137)
WARN  no build target: c:\Users\juanb\Desktop\MisProyectos\Scala\grupo9-2019-1c\scala\src\main\scala\ParserMelodia.scala
WARN  no build tool detected in workspace 'c:\Users\juanb\Desktop\MisProyectos\Scala\grupo9-2019-1c\scala\src\main\scala'. The most common cause for this problem is that the editor was opened in the wrong working directory, for example if you use sbt then the workspace directory should contain build.sbt. 
WARN  no build tool detected in workspace 'c:\Users\juanb\Desktop\MisProyectos\Scala\grupo9-2019-1c\scala\src\main\scala'. The most common cause for this problem is that the editor was opened in the wrong working directory, for example if you use sbt then the workspace directory should contain build.sbt. 
WARN  no build tool detected in workspace 'c:\Users\juanb\Desktop\MisProyectos\Scala\grupo9-2019-1c\scala\src\main\scala'. The most common cause for this problem is that the editor was opened in the wrong working directory, for example if you use sbt then the workspace directory should contain build.sbt. 
WARN  no build tool detected in workspace 'c:\Users\juanb\Desktop\MisProyectos\Scala\grupo9-2019-1c\scala\src\main\scala'. The most common cause for this problem is that the editor was opened in the wrong working directory, for example if you use sbt then the workspace directory should contain build.sbt. 
WARN  no build target: c:\Users\juanb\Desktop\MisProyectos\Scala\grupo9-2019-1c\scala\src\main\scala\Parsers.scala
WARN  no build target: c:\Users\juanb\Desktop\MisProyectos\Scala\grupo9-2019-1c\scala\src\main\scala\AudioPlayer.scala
WARN  no build target: c:\Users\juanb\Desktop\MisProyectos\Scala\grupo9-2019-1c\scala\src\main\scala\Musica.scala
WARN  no build target: c:\Users\juanb\Desktop\MisProyectos\Scala\grupo9-2019-1c\scala\src\main\scala\ParserMelodia.scala
WARN  no build target: c:\Users\juanb\Desktop\MisProyectos\Scala\grupo9-2019-1c\scala\src\main\scala\ParserMelodia.scala
WARN  no build tool detected in workspace 'c:\Users\juanb\Desktop\MisProyectos\Scala\grupo9-2019-1c\scala\src\main\scala'. The most common cause for this problem is that the editor was opened in the wrong working directory, for example if you use sbt then the workspace directory should contain build.sbt. 
WARN  no build tool detected in workspace 'c:\Users\juanb\Desktop\MisProyectos\Scala\grupo9-2019-1c\scala\src\main\scala'. The most common cause for this problem is that the editor was opened in the wrong working directory, for example if you use sbt then the workspace directory should contain build.sbt. 
WARN  no build target: c:\Users\juanb\Desktop\MisProyectos\Scala\grupo9-2019-1c\scala\src\main\scala\ParserMelodia.scala
WARN  no build target: c:\Users\juanb\Desktop\MisProyectos\Scala\grupo9-2019-1c\scala\src\main\scala\Parsers.scala
jul 03, 2019 11:10:12 PM scala.meta.internal.pc.Completions completionPosition
GRAVE: null
java.lang.NullPointerException
	at scala.meta.internal.pc.Completions$CompletionPosition$Override.<init>(Completions.scala:948)
	at scala.meta.internal.pc.Completions.completionPositionUnsafe(Completions.scala:448)
	at scala.meta.internal.pc.Completions.completionPositionUnsafe$(Completions.scala:387)
	at scala.meta.internal.pc.MetalsGlobal.completionPositionUnsafe(MetalsGlobal.scala:23)
	at scala.meta.internal.pc.Completions.completionPosition(Completions.scala:379)
	at scala.meta.internal.pc.Completions.completionPosition$(Completions.scala:364)
	at scala.meta.internal.pc.MetalsGlobal.completionPosition(MetalsGlobal.scala:23)
	at scala.meta.internal.pc.CompletionProvider.safeCompletionsAt(CompletionProvider.scala:382)
	at scala.meta.internal.pc.CompletionProvider.completions(CompletionProvider.scala:47)
	at scala.meta.internal.pc.ScalaPresentationCompiler.$anonfun$complete$1(ScalaPresentationCompiler.scala:87)
	at scala.meta.internal.pc.CompilerAccess.withSharedCompiler(CompilerAccess.scala:119)
	at scala.meta.internal.pc.CompilerAccess.$anonfun$withInterruptableCompiler$1(CompilerAccess.scala:76)
	at scala.meta.internal.pc.CompilerAccess.$anonfun$onCompilerJobQueue$1(CompilerAccess.scala:191)
	at scala.meta.internal.pc.CompilerJobQueue$Job.run(CompilerJobQueue.scala:73)
	at java.util.concurrent.ThreadPoolExecutor.runWorker(ThreadPoolExecutor.java:1149)
	at java.util.concurrent.ThreadPoolExecutor$Worker.run(ThreadPoolExecutor.java:624)
	at java.lang.Thread.run(Thread.java:748)

jul 03, 2019 11:10:20 PM scala.meta.internal.pc.Completions completionPosition
GRAVE: null
java.lang.NullPointerException
	at scala.meta.internal.pc.Completions$CompletionPosition$Override.<init>(Completions.scala:948)
	at scala.meta.internal.pc.Completions.completionPositionUnsafe(Completions.scala:448)
	at scala.meta.internal.pc.Completions.completionPositionUnsafe$(Completions.scala:387)
	at scala.meta.internal.pc.MetalsGlobal.completionPositionUnsafe(MetalsGlobal.scala:23)
	at scala.meta.internal.pc.Completions.completionPosition(Completions.scala:379)
	at scala.meta.internal.pc.Completions.completionPosition$(Completions.scala:364)
	at scala.meta.internal.pc.MetalsGlobal.completionPosition(MetalsGlobal.scala:23)
	at scala.meta.internal.pc.CompletionProvider.safeCompletionsAt(CompletionProvider.scala:382)
	at scala.meta.internal.pc.CompletionProvider.completions(CompletionProvider.scala:47)
	at scala.meta.internal.pc.ScalaPresentationCompiler.$anonfun$complete$1(ScalaPresentationCompiler.scala:87)
	at scala.meta.internal.pc.CompilerAccess.withSharedCompiler(CompilerAccess.scala:119)
	at scala.meta.internal.pc.CompilerAccess.$anonfun$withInterruptableCompiler$1(CompilerAccess.scala:76)
	at scala.meta.internal.pc.CompilerAccess.$anonfun$onCompilerJobQueue$1(CompilerAccess.scala:191)
	at scala.meta.internal.pc.CompilerJobQueue$Job.run(CompilerJobQueue.scala:73)
	at java.util.concurrent.ThreadPoolExecutor.runWorker(ThreadPoolExecutor.java:1149)
	at java.util.concurrent.ThreadPoolExecutor$Worker.run(ThreadPoolExecutor.java:624)
	at java.lang.Thread.run(Thread.java:748)

jul 03, 2019 11:10:20 PM scala.meta.internal.pc.Completions completionPosition
GRAVE: null
java.lang.NullPointerException
	at scala.meta.internal.pc.Completions$CompletionPosition$Override.<init>(Completions.scala:948)
	at scala.meta.internal.pc.Completions.completionPositionUnsafe(Completions.scala:448)
	at scala.meta.internal.pc.Completions.completionPositionUnsafe$(Completions.scala:387)
	at scala.meta.internal.pc.MetalsGlobal.completionPositionUnsafe(MetalsGlobal.scala:23)
	at scala.meta.internal.pc.Completions.completionPosition(Completions.scala:379)
	at scala.meta.internal.pc.Completions.completionPosition$(Completions.scala:364)
	at scala.meta.internal.pc.MetalsGlobal.completionPosition(MetalsGlobal.scala:23)
	at scala.meta.internal.pc.CompletionProvider.safeCompletionsAt(CompletionProvider.scala:382)
	at scala.meta.internal.pc.CompletionProvider.completions(CompletionProvider.scala:47)
	at scala.meta.internal.pc.ScalaPresentationCompiler.$anonfun$complete$1(ScalaPresentationCompiler.scala:87)
	at scala.meta.internal.pc.CompilerAccess.withSharedCompiler(CompilerAccess.scala:119)
	at scala.meta.internal.pc.CompilerAccess.$anonfun$withInterruptableCompiler$1(CompilerAccess.scala:76)
	at scala.meta.internal.pc.CompilerAccess.$anonfun$onCompilerJobQueue$1(CompilerAccess.scala:191)
	at scala.meta.internal.pc.CompilerJobQueue$Job.run(CompilerJobQueue.scala:73)
	at java.util.concurrent.ThreadPoolExecutor.runWorker(ThreadPoolExecutor.java:1149)
	at java.util.concurrent.ThreadPoolExecutor$Worker.run(ThreadPoolExecutor.java:624)
	at java.lang.Thread.run(Thread.java:748)

jul 03, 2019 11:10:21 PM scala.meta.internal.pc.Completions completionPosition
GRAVE: null
java.lang.NullPointerException
	at scala.meta.internal.pc.Completions$CompletionPosition$Override.<init>(Completions.scala:948)
	at scala.meta.internal.pc.Completions.completionPositionUnsafe(Completions.scala:448)
	at scala.meta.internal.pc.Completions.completionPositionUnsafe$(Completions.scala:387)
	at scala.meta.internal.pc.MetalsGlobal.completionPositionUnsafe(MetalsGlobal.scala:23)
	at scala.meta.internal.pc.Completions.completionPosition(Completions.scala:379)
	at scala.meta.internal.pc.Completions.completionPosition$(Completions.scala:364)
	at scala.meta.internal.pc.MetalsGlobal.completionPosition(MetalsGlobal.scala:23)
	at scala.meta.internal.pc.CompletionProvider.safeCompletionsAt(CompletionProvider.scala:382)
	at scala.meta.internal.pc.CompletionProvider.completions(CompletionProvider.scala:47)
	at scala.meta.internal.pc.ScalaPresentationCompiler.$anonfun$complete$1(ScalaPresentationCompiler.scala:87)
	at scala.meta.internal.pc.CompilerAccess.withSharedCompiler(CompilerAccess.scala:119)
	at scala.meta.internal.pc.CompilerAccess.$anonfun$withInterruptableCompiler$1(CompilerAccess.scala:76)
	at scala.meta.internal.pc.CompilerAccess.$anonfun$onCompilerJobQueue$1(CompilerAccess.scala:191)
	at scala.meta.internal.pc.CompilerJobQueue$Job.run(CompilerJobQueue.scala:73)
	at java.util.concurrent.ThreadPoolExecutor.runWorker(ThreadPoolExecutor.java:1149)
	at java.util.concurrent.ThreadPoolExecutor$Worker.run(ThreadPoolExecutor.java:624)
	at java.lang.Thread.run(Thread.java:748)

jul 03, 2019 11:10:21 PM scala.meta.internal.pc.Completions completionPosition
GRAVE: null
java.lang.NullPointerException
	at scala.meta.internal.pc.Completions$CompletionPosition$Override.<init>(Completions.scala:948)
	at scala.meta.internal.pc.Completions.completionPositionUnsafe(Completions.scala:448)
	at scala.meta.internal.pc.Completions.completionPositionUnsafe$(Completions.scala:387)
	at scala.meta.internal.pc.MetalsGlobal.completionPositionUnsafe(MetalsGlobal.scala:23)
	at scala.meta.internal.pc.Completions.completionPosition(Completions.scala:379)
	at scala.meta.internal.pc.Completions.completionPosition$(Completions.scala:364)
	at scala.meta.internal.pc.MetalsGlobal.completionPosition(MetalsGlobal.scala:23)
	at scala.meta.internal.pc.CompletionProvider.safeCompletionsAt(CompletionProvider.scala:382)
	at scala.meta.internal.pc.CompletionProvider.completions(CompletionProvider.scala:47)
	at scala.meta.internal.pc.ScalaPresentationCompiler.$anonfun$complete$1(ScalaPresentationCompiler.scala:87)
	at scala.meta.internal.pc.CompilerAccess.withSharedCompiler(CompilerAccess.scala:119)
	at scala.meta.internal.pc.CompilerAccess.$anonfun$withInterruptableCompiler$1(CompilerAccess.scala:76)
	at scala.meta.internal.pc.CompilerAccess.$anonfun$onCompilerJobQueue$1(CompilerAccess.scala:191)
	at scala.meta.internal.pc.CompilerJobQueue$Job.run(CompilerJobQueue.scala:73)
	at java.util.concurrent.ThreadPoolExecutor.runWorker(ThreadPoolExecutor.java:1149)
	at java.util.concurrent.ThreadPoolExecutor$Worker.run(ThreadPoolExecutor.java:624)
	at java.lang.Thread.run(Thread.java:748)

jul 03, 2019 11:10:21 PM scala.meta.internal.pc.Completions completionPosition
GRAVE: null
java.lang.NullPointerException
	at scala.meta.internal.pc.Completions$CompletionPosition$Override.<init>(Completions.scala:948)
	at scala.meta.internal.pc.Completions.completionPositionUnsafe(Completions.scala:448)
	at scala.meta.internal.pc.Completions.completionPositionUnsafe$(Completions.scala:387)
	at scala.meta.internal.pc.MetalsGlobal.completionPositionUnsafe(MetalsGlobal.scala:23)
	at scala.meta.internal.pc.Completions.completionPosition(Completions.scala:379)
	at scala.meta.internal.pc.Completions.completionPosition$(Completions.scala:364)
	at scala.meta.internal.pc.MetalsGlobal.completionPosition(MetalsGlobal.scala:23)
	at scala.meta.internal.pc.CompletionProvider.safeCompletionsAt(CompletionProvider.scala:382)
	at scala.meta.internal.pc.CompletionProvider.completions(CompletionProvider.scala:47)
	at scala.meta.internal.pc.ScalaPresentationCompiler.$anonfun$complete$1(ScalaPresentationCompiler.scala:87)
	at scala.meta.internal.pc.CompilerAccess.withSharedCompiler(CompilerAccess.scala:119)
	at scala.meta.internal.pc.CompilerAccess.$anonfun$withInterruptableCompiler$1(CompilerAccess.scala:76)
	at scala.meta.internal.pc.CompilerAccess.$anonfun$onCompilerJobQueue$1(CompilerAccess.scala:191)
	at scala.meta.internal.pc.CompilerJobQueue$Job.run(CompilerJobQueue.scala:73)
	at java.util.concurrent.ThreadPoolExecutor.runWorker(ThreadPoolExecutor.java:1149)
	at java.util.concurrent.ThreadPoolExecutor$Worker.run(ThreadPoolExecutor.java:624)
	at java.lang.Thread.run(Thread.java:748)

jul 03, 2019 11:10:21 PM scala.meta.internal.pc.Completions completionPosition
GRAVE: null
java.lang.NullPointerException
	at scala.meta.internal.pc.Completions$CompletionPosition$Override.<init>(Completions.scala:948)
	at scala.meta.internal.pc.Completions.completionPositionUnsafe(Completions.scala:448)
	at scala.meta.internal.pc.Completions.completionPositionUnsafe$(Completions.scala:387)
	at scala.meta.internal.pc.MetalsGlobal.completionPositionUnsafe(MetalsGlobal.scala:23)
	at scala.meta.internal.pc.Completions.completionPosition(Completions.scala:379)
	at scala.meta.internal.pc.Completions.completionPosition$(Completions.scala:364)
	at scala.meta.internal.pc.MetalsGlobal.completionPosition(MetalsGlobal.scala:23)
	at scala.meta.internal.pc.CompletionProvider.safeCompletionsAt(CompletionProvider.scala:382)
	at scala.meta.internal.pc.CompletionProvider.completions(CompletionProvider.scala:47)
	at scala.meta.internal.pc.ScalaPresentationCompiler.$anonfun$complete$1(ScalaPresentationCompiler.scala:87)
	at scala.meta.internal.pc.CompilerAccess.withSharedCompiler(CompilerAccess.scala:119)
	at scala.meta.internal.pc.CompilerAccess.$anonfun$withInterruptableCompiler$1(CompilerAccess.scala:76)
	at scala.meta.internal.pc.CompilerAccess.$anonfun$onCompilerJobQueue$1(CompilerAccess.scala:191)
	at scala.meta.internal.pc.CompilerJobQueue$Job.run(CompilerJobQueue.scala:73)
	at java.util.concurrent.ThreadPoolExecutor.runWorker(ThreadPoolExecutor.java:1149)
	at java.util.concurrent.ThreadPoolExecutor$Worker.run(ThreadPoolExecutor.java:624)
	at java.lang.Thread.run(Thread.java:748)

jul 03, 2019 11:10:21 PM scala.meta.internal.pc.Completions completionPosition
GRAVE: null
java.lang.NullPointerException
	at scala.meta.internal.pc.Completions$CompletionPosition$Override.<init>(Completions.scala:948)
	at scala.meta.internal.pc.Completions.completionPositionUnsafe(Completions.scala:448)
	at scala.meta.internal.pc.Completions.completionPositionUnsafe$(Completions.scala:387)
	at scala.meta.internal.pc.MetalsGlobal.completionPositionUnsafe(MetalsGlobal.scala:23)
	at scala.meta.internal.pc.Completions.completionPosition(Completions.scala:379)
	at scala.meta.internal.pc.Completions.completionPosition$(Completions.scala:364)
	at scala.meta.internal.pc.MetalsGlobal.completionPosition(MetalsGlobal.scala:23)
	at scala.meta.internal.pc.CompletionProvider.safeCompletionsAt(CompletionProvider.scala:382)
	at scala.meta.internal.pc.CompletionProvider.completions(CompletionProvider.scala:47)
	at scala.meta.internal.pc.ScalaPresentationCompiler.$anonfun$complete$1(ScalaPresentationCompiler.scala:87)
	at scala.meta.internal.pc.CompilerAccess.withSharedCompiler(CompilerAccess.scala:119)
	at scala.meta.internal.pc.CompilerAccess.$anonfun$withInterruptableCompiler$1(CompilerAccess.scala:76)
	at scala.meta.internal.pc.CompilerAccess.$anonfun$onCompilerJobQueue$1(CompilerAccess.scala:191)
	at scala.meta.internal.pc.CompilerJobQueue$Job.run(CompilerJobQueue.scala:73)
	at java.util.concurrent.ThreadPoolExecutor.runWorker(ThreadPoolExecutor.java:1149)
	at java.util.concurrent.ThreadPoolExecutor$Worker.run(ThreadPoolExecutor.java:624)
	at java.lang.Thread.run(Thread.java:748)

WARN  no build target: c:\Users\juanb\Desktop\MisProyectos\Scala\grupo9-2019-1c\scala\src\main\scala\ParserMelodia.scala
WARN  no build target: c:\Users\juanb\Desktop\MisProyectos\Scala\grupo9-2019-1c\scala\src\main\scala\ParserMelodia.scala
WARN  no build target: c:\Users\juanb\Desktop\MisProyectos\Scala\grupo9-2019-1c\scala\src\main\scala\Musica.scala
WARN  no build target: c:\Users\juanb\Desktop\MisProyectos\Scala\grupo9-2019-1c\scala\src\main\scala\MusicParser.scala
WARN  no build target: c:\Users\juanb\Desktop\MisProyectos\Scala\grupo9-2019-1c\scala\src\main\scala\Musica.scala
WARN  no build target: c:\Users\juanb\Desktop\MisProyectos\Scala\grupo9-2019-1c\scala\src\main\scala\AudioPlayer.scala
WARN  no build target: c:\Users\juanb\Desktop\MisProyectos\Scala\grupo9-2019-1c\scala\src\main\scala\Parsers.scala
WARN  no build target: c:\Users\juanb\Desktop\MisProyectos\Scala\grupo9-2019-1c\scala\src\main\scala\Musica.scala
WARN  no build target: c:\Users\juanb\Desktop\MisProyectos\Scala\grupo9-2019-1c\scala\src\main\scala\PlayAudio.scala
WARN  no build target: c:\Users\juanb\Desktop\MisProyectos\Scala\grupo9-2019-1c\scala\src\main\scala\Parsers.scala
WARN  no build tool detected in workspace 'c:\Users\juanb\Desktop\MisProyectos\Scala\grupo9-2019-1c\scala\src\main\scala'. The most common cause for this problem is that the editor was opened in the wrong working directory, for example if you use sbt then the workspace directory should contain build.sbt. 
WARN  no build tool detected in workspace 'c:\Users\juanb\Desktop\MisProyectos\Scala\grupo9-2019-1c\scala\src\main\scala'. The most common cause for this problem is that the editor was opened in the wrong working directory, for example if you use sbt then the workspace directory should contain build.sbt. 
WARN  no build target: c:\Users\juanb\Desktop\MisProyectos\Scala\grupo9-2019-1c\scala\src\main\scala\ParserMelodia.scala
WARN  no build target: c:\Users\juanb\Desktop\MisProyectos\Scala\grupo9-2019-1c\scala\src\main\scala\ParserMelodia.scala
WARN  no build target: c:\Users\juanb\Desktop\MisProyectos\Scala\grupo9-2019-1c\scala\src\main\scala\ParserMelodia.scala
WARN  no build target: c:\Users\juanb\Desktop\MisProyectos\Scala\grupo9-2019-1c\scala\src\main\scala\ParserMelodia.scala
WARN  no build target: c:\Users\juanb\Desktop\MisProyectos\Scala\grupo9-2019-1c\scala\src\main\scala\ParserMelodia.scala
WARN  no build target: c:\Users\juanb\Desktop\MisProyectos\Scala\grupo9-2019-1c\scala\src\main\scala\ParserMelodia.scala
WARN  no build target: c:\Users\juanb\Desktop\MisProyectos\Scala\grupo9-2019-1c\scala\src\main\scala\ParserMelodia.scala
WARN  no build target: c:\Users\juanb\Desktop\MisProyectos\Scala\grupo9-2019-1c\scala\src\main\scala\ParserMelodia.scala
WARN  no build target: c:\Users\juanb\Desktop\MisProyectos\Scala\grupo9-2019-1c\scala\src\main\scala\ParserMelodia.scala
WARN  no build target: c:\Users\juanb\Desktop\MisProyectos\Scala\grupo9-2019-1c\scala\src\main\scala\Parsers.scala
WARN  no build tool detected in workspace 'c:\Users\juanb\Desktop\MisProyectos\Scala\grupo9-2019-1c\scala\src\main\scala'. The most common cause for this problem is that the editor was opened in the wrong working directory, for example if you use sbt then the workspace directory should contain build.sbt. 
WARN  no build tool detected in workspace 'c:\Users\juanb\Desktop\MisProyectos\Scala\grupo9-2019-1c\scala\src\main\scala'. The most common cause for this problem is that the editor was opened in the wrong working directory, for example if you use sbt then the workspace directory should contain build.sbt. 
WARN  no build target: c:\Users\juanb\Desktop\MisProyectos\Scala\grupo9-2019-1c\scala\src\main\scala\ParserMelodia.scala
WARN  no build target: c:\Users\juanb\Desktop\MisProyectos\Scala\grupo9-2019-1c\scala\src\main\scala\ParserMelodia.scala
WARN  no build tool detected in workspace 'c:\Users\juanb\Desktop\MisProyectos\Scala\grupo9-2019-1c\scala\src\main\scala'. The most common cause for this problem is that the editor was opened in the wrong working directory, for example if you use sbt then the workspace directory should contain build.sbt. 
WARN  no build tool detected in workspace 'c:\Users\juanb\Desktop\MisProyectos\Scala\grupo9-2019-1c\scala\src\main\scala'. The most common cause for this problem is that the editor was opened in the wrong working directory, for example if you use sbt then the workspace directory should contain build.sbt. 
WARN  no build target: c:\Users\juanb\Desktop\MisProyectos\Scala\grupo9-2019-1c\scala\src\main\scala\ParserMelodia.scala
WARN  no build target: c:\Users\juanb\Desktop\MisProyectos\Scala\grupo9-2019-1c\scala\src\main\scala\ParserMelodia.scala
WARN  no build tool detected in workspace 'c:\Users\juanb\Desktop\MisProyectos\Scala\grupo9-2019-1c\scala\src\main\scala'. The most common cause for this problem is that the editor was opened in the wrong working directory, for example if you use sbt then the workspace directory should contain build.sbt. 
WARN  no build tool detected in workspace 'c:\Users\juanb\Desktop\MisProyectos\Scala\grupo9-2019-1c\scala\src\main\scala'. The most common cause for this problem is that the editor was opened in the wrong working directory, for example if you use sbt then the workspace directory should contain build.sbt. 
WARN  no build tool detected in workspace 'c:\Users\juanb\Desktop\MisProyectos\Scala\grupo9-2019-1c\scala\src\main\scala'. The most common cause for this problem is that the editor was opened in the wrong working directory, for example if you use sbt then the workspace directory should contain build.sbt. 
WARN  no build tool detected in workspace 'c:\Users\juanb\Desktop\MisProyectos\Scala\grupo9-2019-1c\scala\src\main\scala'. The most common cause for this problem is that the editor was opened in the wrong working directory, for example if you use sbt then the workspace directory should contain build.sbt. 
WARN  no build tool detected in workspace 'c:\Users\juanb\Desktop\MisProyectos\Scala\grupo9-2019-1c\scala\src\main\scala'. The most common cause for this problem is that the editor was opened in the wrong working directory, for example if you use sbt then the workspace directory should contain build.sbt. 
WARN  no build tool detected in workspace 'c:\Users\juanb\Desktop\MisProyectos\Scala\grupo9-2019-1c\scala\src\main\scala'. The most common cause for this problem is that the editor was opened in the wrong working directory, for example if you use sbt then the workspace directory should contain build.sbt. 
WARN  no build tool detected in workspace 'c:\Users\juanb\Desktop\MisProyectos\Scala\grupo9-2019-1c\scala\src\main\scala'. The most common cause for this problem is that the editor was opened in the wrong working directory, for example if you use sbt then the workspace directory should contain build.sbt. 
WARN  no build tool detected in workspace 'c:\Users\juanb\Desktop\MisProyectos\Scala\grupo9-2019-1c\scala\src\main\scala'. The most common cause for this problem is that the editor was opened in the wrong working directory, for example if you use sbt then the workspace directory should contain build.sbt. 
WARN  no build tool detected in workspace 'c:\Users\juanb\Desktop\MisProyectos\Scala\grupo9-2019-1c\scala\src\main\scala'. The most common cause for this problem is that the editor was opened in the wrong working directory, for example if you use sbt then the workspace directory should contain build.sbt. 
WARN  no build tool detected in workspace 'c:\Users\juanb\Desktop\MisProyectos\Scala\grupo9-2019-1c\scala\src\main\scala'. The most common cause for this problem is that the editor was opened in the wrong working directory, for example if you use sbt then the workspace directory should contain build.sbt. 
WARN  no build target: c:\Users\juanb\Desktop\MisProyectos\Scala\grupo9-2019-1c\scala\src\main\scala\Parsers.scala
WARN  no build target: c:\Users\juanb\Desktop\MisProyectos\Scala\grupo9-2019-1c\scala\src\main\scala\Parsers.scala
something's wrong: no file:///c%3A/Users/juanb/Desktop/MisProyectos/Scala/grupo9-2019-1c/scala/src/main/scala/Parsers.scala in Parsers.Parser[Char]RangePosition(file:///c%3A/Users/juanb/Desktop/MisProyectos/Scala/grupo9-2019-1c/scala/src/main/scala/Parsers.scala, 9778, 9778, 9790)
WARN  no build target: c:\Users\juanb\Desktop\MisProyectos\Scala\grupo9-2019-1c\scala\src\main\scala\ParserMelodia.scala
something's wrong: no file:///c%3A/Users/juanb/Desktop/MisProyectos/Scala/grupo9-2019-1c/scala/src/main/scala/ParserMelodia.scala in Parser[<error>]RangePosition(file:///c%3A/Users/juanb/Desktop/MisProyectos/Scala/grupo9-2019-1c/scala/src/main/scala/ParserMelodia.scala, 58, 58, 74)
jul 03, 2019 11:28:24 PM scala.meta.internal.pc.Completions completionPosition
GRAVE: null
java.lang.NullPointerException
	at scala.meta.internal.pc.Completions$CompletionPosition$Override.<init>(Completions.scala:948)
	at scala.meta.internal.pc.Completions.completionPositionUnsafe(Completions.scala:448)
	at scala.meta.internal.pc.Completions.completionPositionUnsafe$(Completions.scala:387)
	at scala.meta.internal.pc.MetalsGlobal.completionPositionUnsafe(MetalsGlobal.scala:23)
	at scala.meta.internal.pc.Completions.completionPosition(Completions.scala:379)
	at scala.meta.internal.pc.Completions.completionPosition$(Completions.scala:364)
	at scala.meta.internal.pc.MetalsGlobal.completionPosition(MetalsGlobal.scala:23)
	at scala.meta.internal.pc.CompletionProvider.safeCompletionsAt(CompletionProvider.scala:382)
	at scala.meta.internal.pc.CompletionProvider.completions(CompletionProvider.scala:47)
	at scala.meta.internal.pc.ScalaPresentationCompiler.$anonfun$complete$1(ScalaPresentationCompiler.scala:87)
	at scala.meta.internal.pc.CompilerAccess.withSharedCompiler(CompilerAccess.scala:119)
	at scala.meta.internal.pc.CompilerAccess.$anonfun$withInterruptableCompiler$1(CompilerAccess.scala:76)
	at scala.meta.internal.pc.CompilerAccess.$anonfun$onCompilerJobQueue$1(CompilerAccess.scala:191)
	at scala.meta.internal.pc.CompilerJobQueue$Job.run(CompilerJobQueue.scala:73)
	at java.util.concurrent.ThreadPoolExecutor.runWorker(ThreadPoolExecutor.java:1149)
	at java.util.concurrent.ThreadPoolExecutor$Worker.run(ThreadPoolExecutor.java:624)
	at java.lang.Thread.run(Thread.java:748)

jul 03, 2019 11:28:26 PM scala.meta.internal.pc.Completions completionPosition
GRAVE: null
java.lang.NullPointerException
	at scala.meta.internal.pc.Completions$CompletionPosition$Override.<init>(Completions.scala:948)
	at scala.meta.internal.pc.Completions.completionPositionUnsafe(Completions.scala:448)
	at scala.meta.internal.pc.Completions.completionPositionUnsafe$(Completions.scala:387)
	at scala.meta.internal.pc.MetalsGlobal.completionPositionUnsafe(MetalsGlobal.scala:23)
	at scala.meta.internal.pc.Completions.completionPosition(Completions.scala:379)
	at scala.meta.internal.pc.Completions.completionPosition$(Completions.scala:364)
	at scala.meta.internal.pc.MetalsGlobal.completionPosition(MetalsGlobal.scala:23)
	at scala.meta.internal.pc.CompletionProvider.safeCompletionsAt(CompletionProvider.scala:382)
	at scala.meta.internal.pc.CompletionProvider.completions(CompletionProvider.scala:47)
	at scala.meta.internal.pc.ScalaPresentationCompiler.$anonfun$complete$1(ScalaPresentationCompiler.scala:87)
	at scala.meta.internal.pc.CompilerAccess.withSharedCompiler(CompilerAccess.scala:119)
	at scala.meta.internal.pc.CompilerAccess.$anonfun$withInterruptableCompiler$1(CompilerAccess.scala:76)
	at scala.meta.internal.pc.CompilerAccess.$anonfun$onCompilerJobQueue$1(CompilerAccess.scala:191)
	at scala.meta.internal.pc.CompilerJobQueue$Job.run(CompilerJobQueue.scala:73)
	at java.util.concurrent.ThreadPoolExecutor.runWorker(ThreadPoolExecutor.java:1149)
	at java.util.concurrent.ThreadPoolExecutor$Worker.run(ThreadPoolExecutor.java:624)
	at java.lang.Thread.run(Thread.java:748)

jul 03, 2019 11:28:27 PM scala.meta.internal.pc.Completions completionPosition
GRAVE: null
java.lang.NullPointerException
	at scala.meta.internal.pc.Completions$CompletionPosition$Override.<init>(Completions.scala:948)
	at scala.meta.internal.pc.Completions.completionPositionUnsafe(Completions.scala:448)
	at scala.meta.internal.pc.Completions.completionPositionUnsafe$(Completions.scala:387)
	at scala.meta.internal.pc.MetalsGlobal.completionPositionUnsafe(MetalsGlobal.scala:23)
	at scala.meta.internal.pc.Completions.completionPosition(Completions.scala:379)
	at scala.meta.internal.pc.Completions.completionPosition$(Completions.scala:364)
	at scala.meta.internal.pc.MetalsGlobal.completionPosition(MetalsGlobal.scala:23)
	at scala.meta.internal.pc.CompletionProvider.safeCompletionsAt(CompletionProvider.scala:382)
	at scala.meta.internal.pc.CompletionProvider.completions(CompletionProvider.scala:47)
	at scala.meta.internal.pc.ScalaPresentationCompiler.$anonfun$complete$1(ScalaPresentationCompiler.scala:87)
	at scala.meta.internal.pc.CompilerAccess.withSharedCompiler(CompilerAccess.scala:119)
	at scala.meta.internal.pc.CompilerAccess.$anonfun$withInterruptableCompiler$1(CompilerAccess.scala:76)
	at scala.meta.internal.pc.CompilerAccess.$anonfun$onCompilerJobQueue$1(CompilerAccess.scala:191)
	at scala.meta.internal.pc.CompilerJobQueue$Job.run(CompilerJobQueue.scala:73)
	at java.util.concurrent.ThreadPoolExecutor.runWorker(ThreadPoolExecutor.java:1149)
	at java.util.concurrent.ThreadPoolExecutor$Worker.run(ThreadPoolExecutor.java:624)
	at java.lang.Thread.run(Thread.java:748)

jul 03, 2019 11:28:27 PM scala.meta.internal.pc.Completions completionPosition
GRAVE: null
java.lang.NullPointerException
	at scala.meta.internal.pc.Completions$CompletionPosition$Override.<init>(Completions.scala:948)
	at scala.meta.internal.pc.Completions.completionPositionUnsafe(Completions.scala:448)
	at scala.meta.internal.pc.Completions.completionPositionUnsafe$(Completions.scala:387)
	at scala.meta.internal.pc.MetalsGlobal.completionPositionUnsafe(MetalsGlobal.scala:23)
	at scala.meta.internal.pc.Completions.completionPosition(Completions.scala:379)
	at scala.meta.internal.pc.Completions.completionPosition$(Completions.scala:364)
	at scala.meta.internal.pc.MetalsGlobal.completionPosition(MetalsGlobal.scala:23)
	at scala.meta.internal.pc.CompletionProvider.safeCompletionsAt(CompletionProvider.scala:382)
	at scala.meta.internal.pc.CompletionProvider.completions(CompletionProvider.scala:47)
	at scala.meta.internal.pc.ScalaPresentationCompiler.$anonfun$complete$1(ScalaPresentationCompiler.scala:87)
	at scala.meta.internal.pc.CompilerAccess.withSharedCompiler(CompilerAccess.scala:119)
	at scala.meta.internal.pc.CompilerAccess.$anonfun$withInterruptableCompiler$1(CompilerAccess.scala:76)
	at scala.meta.internal.pc.CompilerAccess.$anonfun$onCompilerJobQueue$1(CompilerAccess.scala:191)
	at scala.meta.internal.pc.CompilerJobQueue$Job.run(CompilerJobQueue.scala:73)
	at java.util.concurrent.ThreadPoolExecutor.runWorker(ThreadPoolExecutor.java:1149)
	at java.util.concurrent.ThreadPoolExecutor$Worker.run(ThreadPoolExecutor.java:624)
	at java.lang.Thread.run(Thread.java:748)

jul 03, 2019 11:28:27 PM scala.meta.internal.pc.Completions completionPosition
GRAVE: null
java.lang.NullPointerException
	at scala.meta.internal.pc.Completions$CompletionPosition$Override.<init>(Completions.scala:948)
	at scala.meta.internal.pc.Completions.completionPositionUnsafe(Completions.scala:448)
	at scala.meta.internal.pc.Completions.completionPositionUnsafe$(Completions.scala:387)
	at scala.meta.internal.pc.MetalsGlobal.completionPositionUnsafe(MetalsGlobal.scala:23)
	at scala.meta.internal.pc.Completions.completionPosition(Completions.scala:379)
	at scala.meta.internal.pc.Completions.completionPosition$(Completions.scala:364)
	at scala.meta.internal.pc.MetalsGlobal.completionPosition(MetalsGlobal.scala:23)
	at scala.meta.internal.pc.CompletionProvider.safeCompletionsAt(CompletionProvider.scala:382)
	at scala.meta.internal.pc.CompletionProvider.completions(CompletionProvider.scala:47)
	at scala.meta.internal.pc.ScalaPresentationCompiler.$anonfun$complete$1(ScalaPresentationCompiler.scala:87)
	at scala.meta.internal.pc.CompilerAccess.withSharedCompiler(CompilerAccess.scala:119)
	at scala.meta.internal.pc.CompilerAccess.$anonfun$withInterruptableCompiler$1(CompilerAccess.scala:76)
	at scala.meta.internal.pc.CompilerAccess.$anonfun$onCompilerJobQueue$1(CompilerAccess.scala:191)
	at scala.meta.internal.pc.CompilerJobQueue$Job.run(CompilerJobQueue.scala:73)
	at java.util.concurrent.ThreadPoolExecutor.runWorker(ThreadPoolExecutor.java:1149)
	at java.util.concurrent.ThreadPoolExecutor$Worker.run(ThreadPoolExecutor.java:624)
	at java.lang.Thread.run(Thread.java:748)

jul 03, 2019 11:28:27 PM scala.meta.internal.pc.Completions completionPosition
GRAVE: null
java.lang.NullPointerException
	at scala.meta.internal.pc.Completions$CompletionPosition$Override.<init>(Completions.scala:948)
	at scala.meta.internal.pc.Completions.completionPositionUnsafe(Completions.scala:448)
	at scala.meta.internal.pc.Completions.completionPositionUnsafe$(Completions.scala:387)
	at scala.meta.internal.pc.MetalsGlobal.completionPositionUnsafe(MetalsGlobal.scala:23)
	at scala.meta.internal.pc.Completions.completionPosition(Completions.scala:379)
	at scala.meta.internal.pc.Completions.completionPosition$(Completions.scala:364)
	at scala.meta.internal.pc.MetalsGlobal.completionPosition(MetalsGlobal.scala:23)
	at scala.meta.internal.pc.CompletionProvider.safeCompletionsAt(CompletionProvider.scala:382)
	at scala.meta.internal.pc.CompletionProvider.completions(CompletionProvider.scala:47)
	at scala.meta.internal.pc.ScalaPresentationCompiler.$anonfun$complete$1(ScalaPresentationCompiler.scala:87)
	at scala.meta.internal.pc.CompilerAccess.withSharedCompiler(CompilerAccess.scala:119)
	at scala.meta.internal.pc.CompilerAccess.$anonfun$withInterruptableCompiler$1(CompilerAccess.scala:76)
	at scala.meta.internal.pc.CompilerAccess.$anonfun$onCompilerJobQueue$1(CompilerAccess.scala:191)
	at scala.meta.internal.pc.CompilerJobQueue$Job.run(CompilerJobQueue.scala:73)
	at java.util.concurrent.ThreadPoolExecutor.runWorker(ThreadPoolExecutor.java:1149)
	at java.util.concurrent.ThreadPoolExecutor$Worker.run(ThreadPoolExecutor.java:624)
	at java.lang.Thread.run(Thread.java:748)

jul 03, 2019 11:28:27 PM scala.meta.internal.pc.Completions completionPosition
GRAVE: null
java.lang.NullPointerException
	at scala.meta.internal.pc.Completions$CompletionPosition$Override.<init>(Completions.scala:948)
	at scala.meta.internal.pc.Completions.completionPositionUnsafe(Completions.scala:448)
	at scala.meta.internal.pc.Completions.completionPositionUnsafe$(Completions.scala:387)
	at scala.meta.internal.pc.MetalsGlobal.completionPositionUnsafe(MetalsGlobal.scala:23)
	at scala.meta.internal.pc.Completions.completionPosition(Completions.scala:379)
	at scala.meta.internal.pc.Completions.completionPosition$(Completions.scala:364)
	at scala.meta.internal.pc.MetalsGlobal.completionPosition(MetalsGlobal.scala:23)
	at scala.meta.internal.pc.CompletionProvider.safeCompletionsAt(CompletionProvider.scala:382)
	at scala.meta.internal.pc.CompletionProvider.completions(CompletionProvider.scala:47)
	at scala.meta.internal.pc.ScalaPresentationCompiler.$anonfun$complete$1(ScalaPresentationCompiler.scala:87)
	at scala.meta.internal.pc.CompilerAccess.withSharedCompiler(CompilerAccess.scala:119)
	at scala.meta.internal.pc.CompilerAccess.$anonfun$withInterruptableCompiler$1(CompilerAccess.scala:76)
	at scala.meta.internal.pc.CompilerAccess.$anonfun$onCompilerJobQueue$1(CompilerAccess.scala:191)
	at scala.meta.internal.pc.CompilerJobQueue$Job.run(CompilerJobQueue.scala:73)
	at java.util.concurrent.ThreadPoolExecutor.runWorker(ThreadPoolExecutor.java:1149)
	at java.util.concurrent.ThreadPoolExecutor$Worker.run(ThreadPoolExecutor.java:624)
	at java.lang.Thread.run(Thread.java:748)

WARN  no build target: c:\Users\juanb\Desktop\MisProyectos\Scala\grupo9-2019-1c\scala\src\main\scala\ParserMelodia.scala
WARN  no build target: c:\Users\juanb\Desktop\MisProyectos\Scala\grupo9-2019-1c\scala\src\main\scala\ParserMelodia.scala
something's wrong: no file:///c%3A/Users/juanb/Desktop/MisProyectos/Scala/grupo9-2019-1c/scala/src/main/scala/Parsers.scala in Parsers.ParserOutput[T]RangePosition(file:///c%3A/Users/juanb/Desktop/MisProyectos/Scala/grupo9-2019-1c/scala/src/main/scala/Parsers.scala, 1085, 1085, 1100)
WARN  no build target: c:\Users\juanb\Desktop\MisProyectos\Scala\grupo9-2019-1c\scala\src\main\scala\ParserMelodia.scala
INFO  shutting down Metals
