INFO  time: initialize in 0.39s
WARN  no build target: c:\Users\juanb\Desktop\MisProyectos\Scala\grupo9-2019-1c\scala\src\main\scala\MusicParser.scala
INFO  running 'C:\Program Files\Java\jdk1.8.0_201\jre\bin\java -Djline.terminal=jline.UnsupportedTerminal -Dsbt.log.noformat=true -Dfile.encoding=UTF-8 -jar C:\Users\juanb\AppData\Local\Temp\metals4210398014198393204\sbt-launch.jar metalsEnable bloopInstall'
INFO  [info] Loading settings for project global-plugins from metals.sbt ...
INFO  [info] Loading global plugins from C:\Users\juanb\.sbt\1.0\plugins
INFO  [info] Updating ProjectRef(uri("file:/C:/Users/juanb/.sbt/1.0/plugins/"), "global-plugins")...
INFO  [warn] 	::::::::::::::::::::::::::::::::::::::::::::::
INFO  [warn] 	::          UNRESOLVED DEPENDENCIES         ::
INFO  [warn] 	::::::::::::::::::::::::::::::::::::::::::::::
INFO  [warn] 	:: ch.epfl.scala#sbt-bloop;1.3.2: Resolution failed several times for dependency: ch.epfl.scala#sbt-bloop;1.3.2 {compile=[default(compile)]}:: 
INFO  [warn] 	typesafe-ivy-releases: unable to get resource for ch.epfl.scala#sbt-bloop;1.3.2: res=https://repo.typesafe.com/typesafe/ivy-releases/ch.epfl.scala/sbt-bloop/scala_2.12/sbt_1.0/1.3.2/ivys/ivy.xml: java.net.UnknownHostException: repo.typesafe.com
INFO  [warn] 	sbt-plugin-releases: unable to get resource for ch.epfl.scala#sbt-bloop;1.3.2: res=https://repo.scala-sbt.org/scalasbt/sbt-plugin-releases/ch.epfl.scala/sbt-bloop/scala_2.12/sbt_1.0/1.3.2/ivys/ivy.xml: java.net.UnknownHostException: repo.scala-sbt.org
INFO  [warn] 	public: unable to get resource for ch/epfl/scala#sbt-bloop;1.3.2: res=https://repo1.maven.org/maven2/ch/epfl/scala/sbt-bloop_2.12_1.0/1.3.2/sbt-bloop-1.3.2.pom: java.net.UnknownHostException: repo1.maven.org
INFO  [warn] 	:: org.scalameta#sbt-metals;0.6.1: Resolution failed several times for dependency: org.scalameta#sbt-metals;0.6.1 {compile=[default(compile)]}:: 
INFO  [warn] 	typesafe-ivy-releases: unable to get resource for org.scalameta#sbt-metals;0.6.1: res=https://repo.typesafe.com/typesafe/ivy-releases/org.scalameta/sbt-metals/scala_2.12/sbt_1.0/0.6.1/ivys/ivy.xml: java.net.UnknownHostException: repo.typesafe.com
INFO  [warn] 	sbt-plugin-releases: unable to get resource for org.scalameta#sbt-metals;0.6.1: res=https://repo.scala-sbt.org/scalasbt/sbt-plugin-releases/org.scalameta/sbt-metals/scala_2.12/sbt_1.0/0.6.1/ivys/ivy.xml: java.net.UnknownHostException: repo.scala-sbt.org
INFO  [warn] 	public: unable to get resource for org/scalameta#sbt-metals;0.6.1: res=https://repo1.maven.org/maven2/org/scalameta/sbt-metals_2.12_1.0/0.6.1/sbt-metals-0.6.1.pom: java.net.UnknownHostException: repo1.maven.org
INFO  [warn] 	::::::::::::::::::::::::::::::::::::::::::::::
INFO  [warn] 
INFO  [warn] 	Note: Some unresolved dependencies have extra attributes.  Check that these dependencies exist with the requested attributes.
INFO  [warn] 		ch.epfl.scala:sbt-bloop:1.3.2 (scalaVersion=2.12, sbtVersion=1.0)
INFO  [warn] 		org.scalameta:sbt-metals:0.6.1 (scalaVersion=2.12, sbtVersion=1.0)
INFO  [warn] 
INFO  [warn] 	Note: Unresolved dependencies path:
INFO  [warn] 		ch.epfl.scala:sbt-bloop:1.3.2 (scalaVersion=2.12, sbtVersion=1.0) (C:\Users\juanb\.sbt\1.0\plugins\metals.sbt#L6-24)
INFO  [warn] 		  +- org.scala-sbt:global-plugins:0.0 (scalaVersion=2.12, sbtVersion=1.0)
INFO  [warn] 		org.scalameta:sbt-metals:0.6.1 (scalaVersion=2.12, sbtVersion=1.0) (C:\Users\juanb\.sbt\1.0\plugins\metals.sbt#L6-24)
INFO  [warn] 		  +- org.scala-sbt:global-plugins:0.0 (scalaVersion=2.12, sbtVersion=1.0)
INFO  [error] sbt.librarymanagement.ResolveException: unresolved dependency: ch.epfl.scala#sbt-bloop;1.3.2: Resolution failed several times for dependency: ch.epfl.scala#sbt-bloop;1.3.2 {compile=[default(compile)]}:: 
INFO  [error] 	typesafe-ivy-releases: unable to get resource for ch.epfl.scala#sbt-bloop;1.3.2: res=https://repo.typesafe.com/typesafe/ivy-releases/ch.epfl.scala/sbt-bloop/scala_2.12/sbt_1.0/1.3.2/ivys/ivy.xml: java.net.UnknownHostException: repo.typesafe.com
INFO  [error] 	sbt-plugin-releases: unable to get resource for ch.epfl.scala#sbt-bloop;1.3.2: res=https://repo.scala-sbt.org/scalasbt/sbt-plugin-releases/ch.epfl.scala/sbt-bloop/scala_2.12/sbt_1.0/1.3.2/ivys/ivy.xml: java.net.UnknownHostException: repo.scala-sbt.org
INFO  [error] 	public: unable to get resource for ch/epfl/scala#sbt-bloop;1.3.2: res=https://repo1.maven.org/maven2/ch/epfl/scala/sbt-bloop_2.12_1.0/1.3.2/sbt-bloop-1.3.2.pom: java.net.UnknownHostException: repo1.maven.org
INFO  [error] 
INFO  [error] unresolved dependency: org.scalameta#sbt-metals;0.6.1: Resolution failed several times for dependency: org.scalameta#sbt-metals;0.6.1 {compile=[default(compile)]}:: 
INFO  [error] 	typesafe-ivy-releases: unable to get resource for org.scalameta#sbt-metals;0.6.1: res=https://repo.typesafe.com/typesafe/ivy-releases/org.scalameta/sbt-metals/scala_2.12/sbt_1.0/0.6.1/ivys/ivy.xml: java.net.UnknownHostException: repo.typesafe.com
INFO  [error] 	sbt-plugin-releases: unable to get resource for org.scalameta#sbt-metals;0.6.1: res=https://repo.scala-sbt.org/scalasbt/sbt-plugin-releases/org.scalameta/sbt-metals/scala_2.12/sbt_1.0/0.6.1/ivys/ivy.xml: java.net.UnknownHostException: repo.scala-sbt.org
INFO  [error] 	public: unable to get resource for org/scalameta#sbt-metals;0.6.1: res=https://repo1.maven.org/maven2/org/scalameta/sbt-metals_2.12_1.0/0.6.1/sbt-metals-0.6.1.pom: java.net.UnknownHostException: repo1.maven.org
INFO  [error] 
INFO  [error] 	at sbt.internal.librarymanagement.IvyActions$.resolveAndRetrieve(IvyActions.scala:332)
INFO  [error] 	at sbt.internal.librarymanagement.IvyActions$.$anonfun$updateEither$1(IvyActions.scala:208)
INFO  [error] 	at sbt.internal.librarymanagement.IvySbt$Module.$anonfun$withModule$1(Ivy.scala:239)
INFO  [error] 	at sbt.internal.librarymanagement.IvySbt.$anonfun$withIvy$1(Ivy.scala:204)
INFO  [error] 	at sbt.internal.librarymanagement.IvySbt.sbt$internal$librarymanagement$IvySbt$$action$1(Ivy.scala:70)
INFO  [error] 	at sbt.internal.librarymanagement.IvySbt$$anon$3.call(Ivy.scala:77)
INFO  [error] 	at xsbt.boot.Locks$GlobalLock.withChannel$1(Locks.scala:95)
INFO  [error] 	at xsbt.boot.Locks$GlobalLock.xsbt$boot$Locks$GlobalLock$$withChannelRetries$1(Locks.scala:80)
INFO  [error] 	at xsbt.boot.Locks$GlobalLock$$anonfun$withFileLock$1.apply(Locks.scala:99)
INFO  [error] 	at xsbt.boot.Using$.withResource(Using.scala:10)
INFO  [error] 	at xsbt.boot.Using$.apply(Using.scala:9)
INFO  [error] 	at xsbt.boot.Locks$GlobalLock.ignoringDeadlockAvoided(Locks.scala:60)
INFO  [error] 	at xsbt.boot.Locks$GlobalLock.withLock(Locks.scala:50)
INFO  [error] 	at xsbt.boot.Locks$.apply0(Locks.scala:31)
INFO  [error] 	at xsbt.boot.Locks$.apply(Locks.scala:28)
INFO  [error] 	at sbt.internal.librarymanagement.IvySbt.withDefaultLogger(Ivy.scala:77)
INFO  [error] 	at sbt.internal.librarymanagement.IvySbt.withIvy(Ivy.scala:199)
INFO  [error] 	at sbt.internal.librarymanagement.IvySbt.withIvy(Ivy.scala:196)
INFO  [error] 	at sbt.internal.librarymanagement.IvySbt$Module.withModule(Ivy.scala:238)
INFO  [error] 	at sbt.internal.librarymanagement.IvyActions$.updateEither(IvyActions.scala:193)
INFO  [error] 	at sbt.librarymanagement.ivy.IvyDependencyResolution.update(IvyDependencyResolution.scala:20)
INFO  [error] 	at sbt.librarymanagement.DependencyResolution.update(DependencyResolution.scala:56)
INFO  [error] 	at sbt.internal.LibraryManagement$.resolve$1(LibraryManagement.scala:45)
INFO  [error] 	at sbt.internal.LibraryManagement$.$anonfun$cachedUpdate$12(LibraryManagement.scala:93)
INFO  [error] 	at sbt.util.Tracked$.$anonfun$lastOutput$1(Tracked.scala:68)
INFO  [error] 	at sbt.internal.LibraryManagement$.$anonfun$cachedUpdate$19(LibraryManagement.scala:106)
INFO  [error] 	at scala.util.control.Exception$Catch.apply(Exception.scala:224)
INFO  [error] 	at sbt.internal.LibraryManagement$.$anonfun$cachedUpdate$11(LibraryManagement.scala:106)
INFO  [error] 	at sbt.internal.LibraryManagement$.$anonfun$cachedUpdate$11$adapted(LibraryManagement.scala:89)
INFO  [error] 	at sbt.util.Tracked$.$anonfun$inputChanged$1(Tracked.scala:149)
INFO  [error] 	at sbt.internal.LibraryManagement$.cachedUpdate(LibraryManagement.scala:120)
INFO  [error] 	at sbt.Classpaths$.$anonfun$updateTask$5(Defaults.scala:2561)
INFO  [error] 	at scala.Function1.$anonfun$compose$1(Function1.scala:44)
INFO  [error] 	at sbt.internal.util.$tilde$greater.$anonfun$$u2219$1(TypeFunctions.scala:40)
INFO  [error] 	at sbt.std.Transform$$anon$4.work(System.scala:67)
INFO  [error] 	at sbt.Execute.$anonfun$submit$2(Execute.scala:269)
INFO  [error] 	at sbt.internal.util.ErrorHandling$.wideConvert(ErrorHandling.scala:16)
INFO  [error] 	at sbt.Execute.work(Execute.scala:278)
INFO  [error] 	at sbt.Execute.$anonfun$submit$1(Execute.scala:269)
INFO  [error] 	at sbt.ConcurrentRestrictions$$anon$4.$anonfun$submitValid$1(ConcurrentRestrictions.scala:178)
INFO  [error] 	at sbt.CompletionService$$anon$2.call(CompletionService.scala:37)
INFO  [error] 	at java.util.concurrent.FutureTask.run(FutureTask.java:266)
INFO  [error] 	at java.util.concurrent.Executors$RunnableAdapter.call(Executors.java:511)
INFO  [error] 	at java.util.concurrent.FutureTask.run(FutureTask.java:266)
INFO  [error] 	at java.util.concurrent.ThreadPoolExecutor.runWorker(ThreadPoolExecutor.java:1149)
INFO  [error] 	at java.util.concurrent.ThreadPoolExecutor$Worker.run(ThreadPoolExecutor.java:624)
INFO  [error] 	at java.lang.Thread.run(Thread.java:748)
INFO  [error] (update) sbt.librarymanagement.ResolveException: unresolved dependency: ch.epfl.scala#sbt-bloop;1.3.2: Resolution failed several times for dependency: ch.epfl.scala#sbt-bloop;1.3.2 {compile=[default(compile)]}:: 
INFO  [error] 	typesafe-ivy-releases: unable to get resource for ch.epfl.scala#sbt-bloop;1.3.2: res=https://repo.typesafe.com/typesafe/ivy-releases/ch.epfl.scala/sbt-bloop/scala_2.12/sbt_1.0/1.3.2/ivys/ivy.xml: java.net.UnknownHostException: repo.typesafe.com
INFO  [error] 	sbt-plugin-releases: unable to get resource for ch.epfl.scala#sbt-bloop;1.3.2: res=https://repo.scala-sbt.org/scalasbt/sbt-plugin-releases/ch.epfl.scala/sbt-bloop/scala_2.12/sbt_1.0/1.3.2/ivys/ivy.xml: java.net.UnknownHostException: repo.scala-sbt.org
INFO  [error] 	public: unable to get resource for ch/epfl/scala#sbt-bloop;1.3.2: res=https://repo1.maven.org/maven2/ch/epfl/scala/sbt-bloop_2.12_1.0/1.3.2/sbt-bloop-1.3.2.pom: java.net.UnknownHostException: repo1.maven.org
INFO  [error] 
INFO  [error] unresolved dependency: org.scalameta#sbt-metals;0.6.1: Resolution failed several times for dependency: org.scalameta#sbt-metals;0.6.1 {compile=[default(compile)]}:: 
INFO  [error] 	typesafe-ivy-releases: unable to get resource for org.scalameta#sbt-metals;0.6.1: res=https://repo.typesafe.com/typesafe/ivy-releases/org.scalameta/sbt-metals/scala_2.12/sbt_1.0/0.6.1/ivys/ivy.xml: java.net.UnknownHostException: repo.typesafe.com
INFO  [error] 	sbt-plugin-releases: unable to get resource for org.scalameta#sbt-metals;0.6.1: res=https://repo.scala-sbt.org/scalasbt/sbt-plugin-releases/org.scalameta/sbt-metals/scala_2.12/sbt_1.0/0.6.1/ivys/ivy.xml: java.net.UnknownHostException: repo.scala-sbt.org
INFO  [error] 	public: unable to get resource for org/scalameta#sbt-metals;0.6.1: res=https://repo1.maven.org/maven2/org/scalameta/sbt-metals_2.12_1.0/0.6.1/sbt-metals-0.6.1.pom: java.net.UnknownHostException: repo1.maven.org
INFO  Project loading failed: (r)etry, (q)uit, (l)ast, or (i)gnore? 
INFO  build tool exit: 1
INFO  time: ran 'sbt bloopInstall' in 43s
ERROR sbt command failed: C:\Program Files\Java\jdk1.8.0_201\jre\bin\java -Djline.terminal=jline.UnsupportedTerminal -Dsbt.log.noformat=true -Dfile.encoding=UTF-8 -jar C:\Users\juanb\AppData\Local\Temp\metals4210398014198393204\sbt-launch.jar metalsEnable bloopInstall
INFO  no build target: using presentation compiler with only scala-library
jun 15, 2019 4:37:19 PM scala.meta.internal.pc.CompilerAccess handleError
GRAVE: null
java.lang.NullPointerException
	at scala.meta.internal.pc.HoverProvider.hover(HoverProvider.scala:37)

WARN  no build target: c:\Users\juanb\Desktop\MisProyectos\Scala\grupo9-2019-1c\scala\src\main\scala\MusicParser.scala
WARN  no build target: c:\Users\juanb\Desktop\MisProyectos\Scala\grupo9-2019-1c\scala\src\main\scala\MusicParser.scala
jun 15, 2019 6:16:23 PM scala.meta.internal.pc.CompilerAccess handleError
GRAVE: null
java.lang.NullPointerException
	at scala.meta.internal.pc.HoverProvider.hover(HoverProvider.scala:37)

INFO  shutting down Metals
